<?xml version="1.0" encoding="UTF-8"?>
<!-- Generated by org.testng.reporters.JUnitXMLReporter -->
<testsuite ignored="0" hostname="yinons-MacBook-Pro-2.local" failures="1" tests="29" name="Test" time="54.969" errors="0" timestamp="2021-06-21T13:56:15 IDT">
  <testcase classname="TestsObjects.LoginTest" name="FillPasswordWithOutToFillEmail" time="3.721"/>
  <testcase classname="TestsObjects.LoginTest" name="FillEmailWithOutToFillPassword" time="1.988"/>
  <testcase classname="TestsObjects.SignUpTest" name="FillEmailWitoutShtudel" time="6.925"/>
  <testcase classname="TestsObjects.LoginTest" name="ClickLoginwWithOutToFillAnyFields" time="0.974"/>
  <testcase classname="TestsObjects.OnBoardingNaturalTest" name="DoSignUp" time="8.152"/>
  <testcase classname="TestsObjects.OnBoardingMaleTest" name="DoSignUp" time="8.645"/>
  <testcase classname="TestsObjects.LoginTest" name="FillCorrectEmailWithWrongPassword" time="2.298"/>
  <testcase classname="TestsObjects.OnBoardingFemaleTest" name="DoSignUp" time="9.767"/>
  <testcase classname="TestsObjects.OnBoardingNaturalTest" name="SelectFamale" time="2.643"/>
  <testcase classname="TestsObjects.SignUpTest" name="FillEmailWithoutDotCom" time="4.437"/>
  <testcase classname="TestsObjects.OnBoardingMaleTest" name="SelectFamale" time="2.278"/>
  <testcase classname="TestsObjects.LoginTest" name="FillCorrectPasswordWithWrongEmail" time="2.621"/>
  <testcase classname="TestsObjects.OnBoardingFemaleTest" name="SelectFamale" time="2.866"/>
  <testcase classname="TestsObjects.OnBoardingNaturalTest" name="SelectBodytype" time="3.15"/>
  <testcase classname="TestsObjects.SignUpTest" name="FillPsswordWithLessthan6Characters" time="3.277"/>
  <testcase classname="TestsObjects.LoginTest" name="FillHebLettersEmail" time="2.468"/>
  <testcase classname="TestsObjects.OnBoardingFemaleTest" name="SelectBodytype" time="2.866"/>
  <testcase classname="TestsObjects.OnBoardingMaleTest" name="SelctStyle" time="4.409"/>
  <testcase classname="TestsObjects.LoginTest" name="DoLogin" time="2.825"/>
  <testcase classname="TestsObjects.SignUpTest" name="FillMailWithSpecialCarecters" time="3.126"/>
  <testcase classname="TestsObjects.OnBoardingMaleTest" name="SelectBrands" time="2.259">
    <failure type="org.openqa.selenium.StaleElementReferenceException" message="stale element reference: element is not attached to the page document
  (Session info: chrome=91.0.4472.106)
For documentation on this error, please visit: https://selenium.dev/exceptions/#stale_element_reference
Build info: version: &amp;apos;4.0.0-beta-2&amp;apos;, revision: &amp;apos;4ec0cfc112&amp;apos;
System info: host: &amp;apos;yinons-MacBook-Pro-2.local&amp;apos;, ip: &amp;apos;fe80:0:0:0:143c:809:59a5:7856%en0&amp;apos;, os.name: &amp;apos;Mac OS X&amp;apos;, os.arch: &amp;apos;x86_64&amp;apos;, os.version: &amp;apos;11.4&amp;apos;, java.version: &amp;apos;15.0.2&amp;apos;
Driver info: org.openqa.selenium.chrome.ChromeDriver
Command: [64aa09dd4ab8c53f0a5dea5fcebcb515, executeScript {script=arguments[0].scrollIntoView(true);, args=[{ELEMENT=bfbe93bc-703f-4b1b-8662-8665195556ce, element-6066-11e4-a52e-4f735466cecf=bfbe93bc-703f-4b1b-8662-8665195556ce}]}]
Capabilities {acceptInsecureCerts: false, browserName: chrome, browserVersion: 91.0.4472.106, chrome: {chromedriverVersion: 91.0.4472.101 (af52a90bf870..., userDataDir: /var/folders/xz/jk5hy2jd3sb...}, goog:chromeOptions: {debuggerAddress: localhost:59882}, javascriptEnabled: true, networkConnectionEnabled: false, pageLoadStrategy: normal, platform: MAC, platformName: MAC, proxy: Proxy(), setWindowRect: true, strictFileInteractability: false, timeouts: {implicit: 0, pageLoad: 300000, script: 30000}, unhandledPromptBehavior: dismiss and notify, webauthn:extension:largeBlob: true, webauthn:virtualAuthenticators: true}
Session ID: 64aa09dd4ab8c53f0a5dea5fcebcb515">
      <![CDATA[org.openqa.selenium.StaleElementReferenceException: stale element reference: element is not attached to the page document
  (Session info: chrome=91.0.4472.106)
For documentation on this error, please visit: https://selenium.dev/exceptions/#stale_element_reference
Build info: version: '4.0.0-beta-2', revision: '4ec0cfc112'
System info: host: 'yinons-MacBook-Pro-2.local', ip: 'fe80:0:0:0:143c:809:59a5:7856%en0', os.name: 'Mac OS X', os.arch: 'x86_64', os.version: '11.4', java.version: '15.0.2'
Driver info: org.openqa.selenium.chrome.ChromeDriver
Command: [64aa09dd4ab8c53f0a5dea5fcebcb515, executeScript {script=arguments[0].scrollIntoView(true);, args=[{ELEMENT=bfbe93bc-703f-4b1b-8662-8665195556ce, element-6066-11e4-a52e-4f735466cecf=bfbe93bc-703f-4b1b-8662-8665195556ce}]}]
Capabilities {acceptInsecureCerts: false, browserName: chrome, browserVersion: 91.0.4472.106, chrome: {chromedriverVersion: 91.0.4472.101 (af52a90bf870..., userDataDir: /var/folders/xz/jk5hy2jd3sb...}, goog:chromeOptions: {debuggerAddress: localhost:59882}, javascriptEnabled: true, networkConnectionEnabled: false, pageLoadStrategy: normal, platform: MAC, platformName: MAC, proxy: Proxy(), setWindowRect: true, strictFileInteractability: false, timeouts: {implicit: 0, pageLoad: 300000, script: 30000}, unhandledPromptBehavior: dismiss and notify, webauthn:extension:largeBlob: true, webauthn:virtualAuthenticators: true}
Session ID: 64aa09dd4ab8c53f0a5dea5fcebcb515
at java.base/jdk.internal.reflect.NativeConstructorAccessorImpl.newInstance0(Native Method)
at java.base/jdk.internal.reflect.NativeConstructorAccessorImpl.newInstance(NativeConstructorAccessorImpl.java:64)
at java.base/jdk.internal.reflect.DelegatingConstructorAccessorImpl.newInstance(DelegatingConstructorAccessorImpl.java:45)
at java.base/java.lang.reflect.Constructor.newInstanceWithCaller(Constructor.java:500)
at java.base/java.lang.reflect.Constructor.newInstance(Constructor.java:481)
at org.openqa.selenium.remote.codec.w3c.W3CHttpResponseCodec.createException(W3CHttpResponseCodec.java:195)
at org.openqa.selenium.remote.codec.w3c.W3CHttpResponseCodec.decode(W3CHttpResponseCodec.java:128)
at org.openqa.selenium.remote.codec.w3c.W3CHttpResponseCodec.decode(W3CHttpResponseCodec.java:52)
at org.openqa.selenium.remote.HttpCommandExecutor.execute(HttpCommandExecutor.java:187)
at org.openqa.selenium.remote.service.DriverCommandExecutor.invokeExecute(DriverCommandExecutor.java:153)
at org.openqa.selenium.remote.service.DriverCommandExecutor.execute(DriverCommandExecutor.java:128)
at org.openqa.selenium.remote.RemoteWebDriver.execute(RemoteWebDriver.java:620)
at org.openqa.selenium.remote.RemoteWebDriver.executeScript(RemoteWebDriver.java:555)
at PageObjects.OnBoardingPage.SelectBrands(OnBoardingPage.java:393)
at TestsObjects.OnBoardingMaleTest.SelectBrands(OnBoardingMaleTest.java:95)
at java.base/jdk.internal.reflect.NativeMethodAccessorImpl.invoke0(Native Method)
at java.base/jdk.internal.reflect.NativeMethodAccessorImpl.invoke(NativeMethodAccessorImpl.java:64)
at java.base/jdk.internal.reflect.DelegatingMethodAccessorImpl.invoke(DelegatingMethodAccessorImpl.java:43)
at java.base/java.lang.reflect.Method.invoke(Method.java:564)
at org.testng.internal.MethodInvocationHelper.invokeMethod(MethodInvocationHelper.java:132)
at org.testng.internal.TestInvoker.invokeMethod(TestInvoker.java:599)
at org.testng.internal.TestInvoker.invokeTestMethod(TestInvoker.java:174)
at org.testng.internal.MethodRunner.runInSequence(MethodRunner.java:46)
at org.testng.internal.TestInvoker$MethodInvocationAgent.invoke(TestInvoker.java:822)
at org.testng.internal.TestInvoker.invokeTestMethods(TestInvoker.java:147)
at org.testng.internal.TestMethodWorker.invokeTestMethods(TestMethodWorker.java:146)
at org.testng.internal.TestMethodWorker.run(TestMethodWorker.java:128)
at java.base/java.util.concurrent.ThreadPoolExecutor.runWorker(ThreadPoolExecutor.java:1130)
at java.base/java.util.concurrent.ThreadPoolExecutor$Worker.run(ThreadPoolExecutor.java:630)
at java.base/java.lang.Thread.run(Thread.java:832)
]]>
    </failure>
  </testcase> <!-- SelectBrands -->
  <testcase classname="TestsObjects.OnBoardingNaturalTest" name="SelctStyle" time="6.461"/>
  <testcase classname="TestsObjects.SignUpTest" name="FillMailWithHebrewCarecters" time="3.34"/>
  <testcase classname="TestsObjects.OnBoardingFemaleTest" name="SelctStyle" time="6.482"/>
  <testcase classname="TestsObjects.SignUpTest" name="FillNameWithSpecialCarecters" time="2.568"/>
  <testcase classname="TestsObjects.SignUpTest" name="FillNameWithHebrewCarecters" time="2.27"/>
  <testcase classname="TestsObjects.SignUpTest" name="FillNameWithOutLastName" time="1.171"/>
  <testcase classname="TestsObjects.SignUpTest" name="DoSignUp" time="3.134"/>
  <testcase classname="TestsObjects.SignUpTest" name="CreateUser" time="5.318"/>
</testsuite> <!-- Test -->
